<?xml version="1.0" encoding="UTF-8"?><testsuite errors="1" failures="0" name="Filter products" skipped="0" tests="1" time="4.07" timestamp="2022-02-02 12:45:07"><testcase name="Check products filter"><error message="Could not instantiate class org.openqa.selenium.chrome.ChromeDriver" type="net.thucydides.core.webdriver.DriverConfigurationError">Could not instantiate class org.openqa.selenium.chrome.ChromeDriver</error><system-err>Could not instantiate class org.openqa.selenium.chrome.ChromeDriver&#13;
stepDefinitions.FilterProductsStepDefinition.andreaAsACustomerSeesTheProducts(FilterProductsStepDefinition.java:29)&#13;
cucumber.runner.Runner.runPickle(Runner.java:80)&#13;
</system-err></testcase></testsuite>